\BOOKMARK [1][-]{section.1}{Summary}{}% 1
\BOOKMARK [1][-]{section.2}{Table of Contents}{}% 2
\BOOKMARK [1][-]{section.3}{Employment}{}% 3
\BOOKMARK [2][-]{subsection.3.1}{2009-2010: Programmer Analyst I @ UNMC}{section.3}% 4
\BOOKMARK [2][-]{subsection.3.2}{2007-2008: Web Developer @ UN NUCIA}{section.3}% 5
\BOOKMARK [2][-]{subsection.3.3}{2005-2006: Systems Developer @ D-Line Marketing}{section.3}% 6
\BOOKMARK [2][-]{subsection.3.4}{2004-2004: Dietary Aid @ Autumn View Gardens}{section.3}% 7
\BOOKMARK [2][-]{subsection.3.5}{2003-2004: Systems @ V Internet Enterprises}{section.3}% 8
\BOOKMARK [2][-]{subsection.3.6}{2002-2007: Independent Web Consultant}{section.3}% 9
\BOOKMARK [2][-]{subsection.3.7}{2002-2003: Construction Assistant @ East Coast Pizza}{section.3}% 10
\BOOKMARK [2][-]{subsection.3.8}{1996: Windows 3.1 Support}{section.3}% 11
\BOOKMARK [1][-]{section.4}{Education}{}% 12
\BOOKMARK [2][-]{subsection.4.1}{Omaha, NE, USA; St Louis, MO, USA}{section.4}% 13
\BOOKMARK [2][-]{subsection.4.2}{2007-2010: UNOmaha}{section.4}% 14
\BOOKMARK [2][-]{subsection.4.3}{2010-2014: Online Learning}{section.4}% 15
\BOOKMARK [1][-]{section.5}{Projects}{}% 16
\BOOKMARK [2][-]{subsection.5.1}{2007: Presense}{section.5}% 17
\BOOKMARK [2][-]{subsection.5.2}{2007: Eagle Financial Life Insurance Quotes}{section.5}% 18
\BOOKMARK [2][-]{subsection.5.3}{2009: Nebraska Humane Society Nonprofit Consulting}{section.5}% 19
\BOOKMARK [2][-]{subsection.5.4}{2009: Tiger Solutions Web Based Course Management System}{section.5}% 20
\BOOKMARK [2][-]{subsection.5.5}{2009-2010: UNO MISSO President}{section.5}% 21
\BOOKMARK [2][-]{subsection.5.6}{2009-2010: AIS Student Chapters Representative}{section.5}% 22
\BOOKMARK [2][-]{subsection.5.7}{2010: Help Haiti Project}{section.5}% 23
\BOOKMARK [2][-]{subsection.5.8}{2010: Workhours}{section.5}% 24
\BOOKMARK [2][-]{subsection.5.9}{2010: Cloud Provisioning Research}{section.5}% 25
\BOOKMARK [2][-]{subsection.5.10}{2011: Flowstat}{section.5}% 26
\BOOKMARK [2][-]{subsection.5.11}{2012: Self Directed Learning}{section.5}% 27
\BOOKMARK [2][-]{subsection.5.12}{2012: pycd10api}{section.5}% 28
\BOOKMARK [2][-]{subsection.5.13}{2013: medem}{section.5}% 29
\BOOKMARK [2][-]{subsection.5.14}{2014: Health-marketplace}{section.5}% 30
\BOOKMARK [2][-]{subsection.5.15}{2014: menuapp}{section.5}% 31
\BOOKMARK [2][-]{subsection.5.16}{2014: healthref}{section.5}% 32
\BOOKMARK [2][-]{subsection.5.17}{2014: sphinxcontrib-srclinks}{section.5}% 33
\BOOKMARK [2][-]{subsection.5.18}{2014: WRD R\046D Documentation}{section.5}% 34
\BOOKMARK [2][-]{subsection.5.19}{2015: pgs}{section.5}% 35
\BOOKMARK [2][-]{subsection.5.20}{2015: elasticsearchjsonld}{section.5}% 36
\BOOKMARK [2][-]{subsection.5.21}{2015: pypfi}{section.5}% 37
\BOOKMARK [2][-]{subsection.5.22}{2015: pyglobalgoals}{section.5}% 38
\BOOKMARK [2][-]{subsection.5.23}{2016: djangotestapp}{section.5}% 39
\BOOKMARK [2][-]{subsection.5.24}{2016: Omaha Python Users Group}{section.5}% 40
\BOOKMARK [2][-]{subsection.5.25}{venv}{section.5}% 41
\BOOKMARK [3][-]{subsubsection*.53}{venv.vim}{subsection.5.25}% 42
\BOOKMARK [2][-]{subsection.5.26}{hello\137world}{section.5}% 43
\BOOKMARK [2][-]{subsection.5.27}{Dotfiles}{section.5}% 44
\BOOKMARK [2][-]{subsection.5.28}{Open Source Contributions}{section.5}% 45
\BOOKMARK [1][-]{section.6}{Contact Information}{}% 46
