\BOOKMARK [1][-]{section.1}{Summary}{}
\BOOKMARK [1][-]{section.2}{Employment}{}
\BOOKMARK [2][-]{subsection.2.1}{2009-2010: Programmer Analyst I @ UNMC}{section.2}
\BOOKMARK [2][-]{subsection.2.2}{2007-2008: Web Developer @ UNOmaha}{section.2}
\BOOKMARK [1][-]{section.3}{Education}{}
\BOOKMARK [2][-]{subsection.3.1}{Omaha, NE, USA; St Louis, MO, USA}{section.3}
\BOOKMARK [2][-]{subsection.3.2}{2007-2010: UNOmaha}{section.3}
\BOOKMARK [2][-]{subsection.3.3}{2010-2014: Online Learning}{section.3}
\BOOKMARK [1][-]{section.4}{Projects}{}
\BOOKMARK [2][-]{subsection.4.1}{2007: Presense}{section.4}
\BOOKMARK [2][-]{subsection.4.2}{2007: Eagle Financial Life Insurance Quotes}{section.4}
\BOOKMARK [2][-]{subsection.4.3}{2009: Nebraska Humane Society Nonprofit Consulting}{section.4}
\BOOKMARK [2][-]{subsection.4.4}{2009: Tiger Solutions Web Based Course Management System}{section.4}
\BOOKMARK [2][-]{subsection.4.5}{2009-2010: UNO MISSO President}{section.4}
\BOOKMARK [2][-]{subsection.4.6}{2009-2010: AIS Student Chapters Representative}{section.4}
\BOOKMARK [2][-]{subsection.4.7}{2010: Help Haiti Project}{section.4}
\BOOKMARK [2][-]{subsection.4.8}{Workhours}{section.4}
\BOOKMARK [2][-]{subsection.4.9}{Flowstat}{section.4}
\BOOKMARK [2][-]{subsection.4.10}{Provis}{section.4}
\BOOKMARK [2][-]{subsection.4.11}{Dotfiles}{section.4}
\BOOKMARK [2][-]{subsection.4.12}{Self Directed Learning}{section.4}
\BOOKMARK [2][-]{subsection.4.13}{Pycd10api}{section.4}
\BOOKMARK [2][-]{subsection.4.14}{Redem}{section.4}
\BOOKMARK [1][-]{section.5}{Contact Information}{}
