\BOOKMARK [1][-]{section.1}{Summary}{}
\BOOKMARK [1][-]{section.2}{Employment}{}
\BOOKMARK [2][-]{subsection.2.1}{2009-2010: Programmer Analyst I @ UNMC}{section.2}
\BOOKMARK [2][-]{subsection.2.2}{2007-2008: Web Developer @ UNOmaha}{section.2}
\BOOKMARK [2][-]{subsection.2.3}{2005-2006: Systems Developer @ D-Line Marketing}{section.2}
\BOOKMARK [2][-]{subsection.2.4}{2004-2004: Dietary Aid @ Autumn View Gardens}{section.2}
\BOOKMARK [2][-]{subsection.2.5}{2003-2004: Systems @ V Internet Enterprises}{section.2}
\BOOKMARK [2][-]{subsection.2.6}{2002-2007: Independent Web Consultant}{section.2}
\BOOKMARK [2][-]{subsection.2.7}{2002-2003: Construction Assistant @ East Coast Pizza}{section.2}
\BOOKMARK [2][-]{subsection.2.8}{1996: Windows 3.1 Support}{section.2}
\BOOKMARK [1][-]{section.3}{Education}{}
\BOOKMARK [2][-]{subsection.3.1}{Omaha, NE, USA; St Louis, MO, USA}{section.3}
\BOOKMARK [2][-]{subsection.3.2}{2007-2010: UNOmaha}{section.3}
\BOOKMARK [2][-]{subsection.3.3}{2010-2014: Online Learning}{section.3}
\BOOKMARK [1][-]{section.4}{Projects}{}
\BOOKMARK [2][-]{subsection.4.1}{2007: Presense}{section.4}
\BOOKMARK [2][-]{subsection.4.2}{2007: Eagle Financial Life Insurance Quotes}{section.4}
\BOOKMARK [2][-]{subsection.4.3}{2009: Nebraska Humane Society Nonprofit Consulting}{section.4}
\BOOKMARK [2][-]{subsection.4.4}{2009: Tiger Solutions Web Based Course Management System}{section.4}
\BOOKMARK [2][-]{subsection.4.5}{2009-2010: UNO MISSO President}{section.4}
\BOOKMARK [2][-]{subsection.4.6}{2009-2010: AIS Student Chapters Representative}{section.4}
\BOOKMARK [2][-]{subsection.4.7}{2010: Help Haiti Project}{section.4}
\BOOKMARK [2][-]{subsection.4.8}{2010: Workhours}{section.4}
\BOOKMARK [2][-]{subsection.4.9}{2010: Cloud Provisioning Research}{section.4}
\BOOKMARK [2][-]{subsection.4.10}{2011: Flowstat}{section.4}
\BOOKMARK [2][-]{subsection.4.11}{2012: Self Directed Learning}{section.4}
\BOOKMARK [2][-]{subsection.4.12}{2012: Pycd10api}{section.4}
\BOOKMARK [2][-]{subsection.4.13}{2013: Redem}{section.4}
\BOOKMARK [2][-]{subsection.4.14}{2014: Health-marketplace}{section.4}
\BOOKMARK [2][-]{subsection.4.15}{2014: Menuapp}{section.4}
\BOOKMARK [2][-]{subsection.4.16}{2014: Healthref}{section.4}
\BOOKMARK [2][-]{subsection.4.17}{Open Source Contributions}{section.4}
\BOOKMARK [2][-]{subsection.4.18}{hello\137world}{section.4}
\BOOKMARK [2][-]{subsection.4.19}{Dotfiles}{section.4}
\BOOKMARK [1][-]{section.5}{Contact Information}{}
